<?xml version="1.0" encoding="UTF-8"?>
<testsuite xmlns:xsi="http://www.w3.org/2001/XMLSchema-instance" xsi:noNamespaceSchemaLocation="https://maven.apache.org/surefire/maven-failsafe-plugin/xsd/failsafe-test-report-3.0.xsd" version="3.0" name="runner.RunLoginTestSuite" time="162.837" tests="8" errors="1" skipped="0" failures="0">
  <properties>
[...]
</properties>
  <testcase name="1. Log-in with valid username and password" classname="MY ACCOUNT - LOGIN" time="20.587">
    <system-out><![CDATA[
Scenario: 1. Log-in with valid username and password         &amp#27;[90m# src/test/java/feature/Login.feature:4&amp#27;[0m
  &amp#27;[32mGiven &amp#27;[0m&amp#27;[32mOpen home page&amp#27;[0m                                       &amp#27;[90m# stepDef.LoginStepDef.openHomePage()&amp#27;[0m
  &amp#27;[32mWhen &amp#27;[0m&amp#27;[32mClick on My Account Menu&amp#27;[0m                              &amp#27;[90m# stepDef.LoginStepDef.clickMyAccountMenu()&amp#27;[0m
  &amp#27;[32mAnd &amp#27;[0m&amp#27;[32mEnter registered &amp#27;[0m&amp#27;[32m&amp#27;[1mnhailtk@gmail.com&amp#27;[0m&amp#27;[32m in username textbox&amp#27;[0m &amp#27;[90m# stepDef.LoginStepDef.enterUsername(java.lang.String)&amp#27;[0m
  &amp#27;[32mAnd &amp#27;[0m&amp#27;[32mEnter &amp#27;[0m&amp#27;[32m&amp#27;[1mnhailtk@123456&amp#27;[0m&amp#27;[32m in password textbox&amp#27;[0m               &amp#27;[90m# stepDef.LoginStepDef.enterPassword(java.lang.String)&amp#27;[0m
  &amp#27;[32mAnd &amp#27;[0m&amp#27;[32mClick on login button&amp#27;[0m                                  &amp#27;[90m# stepDef.LoginStepDef.clickLoginButton()&amp#27;[0m
  &amp#27;[32mThen &amp#27;[0m&amp#27;[32mUser must successfully login to the web page&amp#27;[0m          &amp#27;[90m# stepDef.LoginStepDef.verifyLoginWithCorrectUsernameAndCorrectPassword()&amp#27;[0m

    Embedding anh [image/png 47841 bytes]


    Embedding anh [image/png 3486 bytes]

]]></system-out>
    <system-err><![CDATA[Starting ChromeDriver 92.0.4515.107 (87a818b10553a07434ea9e2b6dccf3cbe7895134-refs/branch-heads/4515@{#1634}) on port 36815
Only local connections are allowed.
Please see https://chromedriver.chromium.org/security-considerations for suggestions on keeping ChromeDriver safe.
ChromeDriver was started successfully.
Jul 31, 2021 2:43:34 PM org.openqa.selenium.remote.ProtocolHandshake createSession
INFO: Detected dialect: W3C
Starting ChromeDriver 92.0.4515.107 (87a818b10553a07434ea9e2b6dccf3cbe7895134-refs/branch-heads/4515@{#1634}) on port 12019
Only local connections are allowed.
Please see https://chromedriver.chromium.org/security-considerations for suggestions on keeping ChromeDriver safe.
ChromeDriver was started successfully.
Jul 31, 2021 2:43:52 PM org.openqa.selenium.remote.ProtocolHandshake createSession
INFO: Detected dialect: W3C
]]></system-err>
  </testcase>
  <testcase name="2. Log-in with incorrect username and  incorrect password" classname="MY ACCOUNT - LOGIN" time="17.967">
    <system-out><![CDATA[
Scenario: 2. Log-in with incorrect username and  incorrect password                             &amp#27;[90m# src/test/java/feature/Login.feature:12&amp#27;[0m
  &amp#27;[32mGiven &amp#27;[0m&amp#27;[32mOpen home page&amp#27;[0m                                                                          &amp#27;[90m# stepDef.LoginStepDef.openHomePage()&amp#27;[0m
  &amp#27;[32mWhen &amp#27;[0m&amp#27;[32mClick on My Account Menu&amp#27;[0m                                                                 &amp#27;[90m# stepDef.LoginStepDef.clickMyAccountMenu()&amp#27;[0m
  &amp#27;[32mAnd &amp#27;[0m&amp#27;[32mEnter registered &amp#27;[0m&amp#27;[32m&amp#27;[1mnhailtk1@gmail.com&amp#27;[0m&amp#27;[32m in username textbox&amp#27;[0m                                   &amp#27;[90m# stepDef.LoginStepDef.enterUsername(java.lang.String)&amp#27;[0m
  &amp#27;[32mAnd &amp#27;[0m&amp#27;[32mEnter &amp#27;[0m&amp#27;[32m&amp#27;[1mnhailtk@1234&amp#27;[0m&amp#27;[32m in password textbox&amp#27;[0m                                                    &amp#27;[90m# stepDef.LoginStepDef.enterPassword(java.lang.String)&amp#27;[0m
  &amp#27;[32mAnd &amp#27;[0m&amp#27;[32mClick on login button&amp#27;[0m                                                                     &amp#27;[90m# stepDef.LoginStepDef.clickLoginButton()&amp#27;[0m
  &amp#27;[32mThen &amp#27;[0m&amp#27;[32mUser should see error message1:&amp#27;[0m&amp#27;[32m&amp#27;[1mError: A user could not be found with this email address.&amp#27;[0m &amp#27;[90m# stepDef.LoginStepDef.verifyLoginWithIncorrectUsernameAndIncorrectPassword(java.lang.String)&amp#27;[0m

    Embedding anh [image/png 36504 bytes]


    Embedding anh [image/png 3486 bytes]

]]></system-out>
    <system-err><![CDATA[Starting ChromeDriver 92.0.4515.107 (87a818b10553a07434ea9e2b6dccf3cbe7895134-refs/branch-heads/4515@{#1634}) on port 44983
Only local connections are allowed.
Please see https://chromedriver.chromium.org/security-considerations for suggestions on keeping ChromeDriver safe.
ChromeDriver was started successfully.
Jul 31, 2021 2:43:55 PM org.openqa.selenium.remote.ProtocolHandshake createSession
INFO: Detected dialect: W3C
Starting ChromeDriver 92.0.4515.107 (87a818b10553a07434ea9e2b6dccf3cbe7895134-refs/branch-heads/4515@{#1634}) on port 16866
Only local connections are allowed.
Please see https://chromedriver.chromium.org/security-considerations for suggestions on keeping ChromeDriver safe.
ChromeDriver was started successfully.
Jul 31, 2021 2:44:10 PM org.openqa.selenium.remote.ProtocolHandshake createSession
INFO: Detected dialect: W3C
]]></system-err>
  </testcase>
  <testcase name="3. Log-in with correct username and empty password" classname="MY ACCOUNT - LOGIN" time="20.096">
    <system-out><![CDATA[
Scenario: 3. Log-in with correct username and empty password       &amp#27;[90m# src/test/java/feature/Login.feature:20&amp#27;[0m
  &amp#27;[32mGiven &amp#27;[0m&amp#27;[32mOpen home page&amp#27;[0m                                             &amp#27;[90m# stepDef.LoginStepDef.openHomePage()&amp#27;[0m
  &amp#27;[32mWhen &amp#27;[0m&amp#27;[32mClick on My Account Menu&amp#27;[0m                                    &amp#27;[90m# stepDef.LoginStepDef.clickMyAccountMenu()&amp#27;[0m
  &amp#27;[32mAnd &amp#27;[0m&amp#27;[32mEnter registered &amp#27;[0m&amp#27;[32m&amp#27;[1mnhailtk@gmail.com&amp#27;[0m&amp#27;[32m in username textbox&amp#27;[0m       &amp#27;[90m# stepDef.LoginStepDef.enterUsername(java.lang.String)&amp#27;[0m
  &amp#27;[32mAnd &amp#27;[0m&amp#27;[32mNow enter empty password in the password textbox&amp#27;[0m             &amp#27;[90m# stepDef.LoginStepDef.emptyPassword()&amp#27;[0m
  &amp#27;[32mAnd &amp#27;[0m&amp#27;[32mClick on login button&amp#27;[0m                                        &amp#27;[90m# stepDef.LoginStepDef.clickLoginButton()&amp#27;[0m
  &amp#27;[32mThen &amp#27;[0m&amp#27;[32mUser should see error message2:&amp#27;[0m&amp#27;[32m&amp#27;[1mError: Password is required.&amp#27;[0m &amp#27;[90m# stepDef.LoginStepDef.verifyLoginWithCorrectUsernameAndEmptyPassword(java.lang.String)&amp#27;[0m

    Embedding anh [image/png 35982 bytes]


    Embedding anh [image/png 3486 bytes]

]]></system-out>
    <system-err><![CDATA[Starting ChromeDriver 92.0.4515.107 (87a818b10553a07434ea9e2b6dccf3cbe7895134-refs/branch-heads/4515@{#1634}) on port 36492
Only local connections are allowed.
Please see https://chromedriver.chromium.org/security-considerations for suggestions on keeping ChromeDriver safe.
ChromeDriver was started successfully.
Jul 31, 2021 2:44:13 PM org.openqa.selenium.remote.ProtocolHandshake createSession
INFO: Detected dialect: W3C
Starting ChromeDriver 92.0.4515.107 (87a818b10553a07434ea9e2b6dccf3cbe7895134-refs/branch-heads/4515@{#1634}) on port 13467
Only local connections are allowed.
Please see https://chromedriver.chromium.org/security-considerations for suggestions on keeping ChromeDriver safe.
ChromeDriver was started successfully.
Jul 31, 2021 2:44:30 PM org.openqa.selenium.remote.ProtocolHandshake createSession
INFO: Detected dialect: W3C
]]></system-err>
  </testcase>
  <testcase name="4. Log-in with empty username and valid password." classname="MY ACCOUNT - LOGIN" time="18.304">
    <system-out><![CDATA[
Scenario: 4. Log-in with empty username and valid password.        &amp#27;[90m# src/test/java/feature/Login.feature:28&amp#27;[0m
  &amp#27;[32mGiven &amp#27;[0m&amp#27;[32mOpen home page&amp#27;[0m                                             &amp#27;[90m# stepDef.LoginStepDef.openHomePage()&amp#27;[0m
  &amp#27;[32mWhen &amp#27;[0m&amp#27;[32mClick on My Account Menu&amp#27;[0m                                    &amp#27;[90m# stepDef.LoginStepDef.clickMyAccountMenu()&amp#27;[0m
  &amp#27;[32mAnd &amp#27;[0m&amp#27;[32mEnter empty username in username textbox&amp#27;[0m                     &amp#27;[90m# stepDef.LoginStepDef.emptyUserName()&amp#27;[0m
  &amp#27;[32mAnd &amp#27;[0m&amp#27;[32mEnter &amp#27;[0m&amp#27;[32m&amp#27;[1mnhailtk@123456&amp#27;[0m&amp#27;[32m in password textbox&amp#27;[0m                     &amp#27;[90m# stepDef.LoginStepDef.enterPassword(java.lang.String)&amp#27;[0m
  &amp#27;[32mAnd &amp#27;[0m&amp#27;[32mClick on login button&amp#27;[0m                                        &amp#27;[90m# stepDef.LoginStepDef.clickLoginButton()&amp#27;[0m
  &amp#27;[32mThen &amp#27;[0m&amp#27;[32mUser should see error message3:&amp#27;[0m&amp#27;[32m&amp#27;[1mError: Username is required.&amp#27;[0m &amp#27;[90m# stepDef.LoginStepDef.verifyLoginWithEmptyUsernameAndCorrectPassword(java.lang.String)&amp#27;[0m

    Embedding anh [image/png 33856 bytes]


    Embedding anh [image/png 3486 bytes]

]]></system-out>
    <system-err><![CDATA[Starting ChromeDriver 92.0.4515.107 (87a818b10553a07434ea9e2b6dccf3cbe7895134-refs/branch-heads/4515@{#1634}) on port 46322
Only local connections are allowed.
Please see https://chromedriver.chromium.org/security-considerations for suggestions on keeping ChromeDriver safe.
ChromeDriver was started successfully.
Jul 31, 2021 2:44:33 PM org.openqa.selenium.remote.ProtocolHandshake createSession
INFO: Detected dialect: W3C
Starting ChromeDriver 92.0.4515.107 (87a818b10553a07434ea9e2b6dccf3cbe7895134-refs/branch-heads/4515@{#1634}) on port 16091
Only local connections are allowed.
Please see https://chromedriver.chromium.org/security-considerations for suggestions on keeping ChromeDriver safe.
ChromeDriver was started successfully.
Jul 31, 2021 2:44:48 PM org.openqa.selenium.remote.ProtocolHandshake createSession
INFO: Detected dialect: W3C
]]></system-err>
  </testcase>
  <testcase name="5. Log-in with empty username and empty password." classname="MY ACCOUNT - LOGIN" time="19.206">
    <system-out><![CDATA[
Scenario: 5. Log-in with empty username and empty password.        &amp#27;[90m# src/test/java/feature/Login.feature:36&amp#27;[0m
  &amp#27;[32mGiven &amp#27;[0m&amp#27;[32mOpen home page&amp#27;[0m                                             &amp#27;[90m# stepDef.LoginStepDef.openHomePage()&amp#27;[0m
  &amp#27;[32mWhen &amp#27;[0m&amp#27;[32mClick on My Account Menu&amp#27;[0m                                    &amp#27;[90m# stepDef.LoginStepDef.clickMyAccountMenu()&amp#27;[0m
  &amp#27;[32mAnd &amp#27;[0m&amp#27;[32mEnter empty username in username textbox&amp#27;[0m                     &amp#27;[90m# stepDef.LoginStepDef.emptyUserName()&amp#27;[0m
  &amp#27;[32mAnd &amp#27;[0m&amp#27;[32mNow enter empty password in the password textbox&amp#27;[0m             &amp#27;[90m# stepDef.LoginStepDef.emptyPassword()&amp#27;[0m
  &amp#27;[32mAnd &amp#27;[0m&amp#27;[32mClick on login button&amp#27;[0m                                        &amp#27;[90m# stepDef.LoginStepDef.clickLoginButton()&amp#27;[0m
  &amp#27;[32mThen &amp#27;[0m&amp#27;[32mUser should see error message4:&amp#27;[0m&amp#27;[32m&amp#27;[1mError: Username is required.&amp#27;[0m &amp#27;[90m# stepDef.LoginStepDef.verifyLoginWithEmptyUsernameAndEmptyPassword(java.lang.String)&amp#27;[0m

    Embedding anh [image/png 33580 bytes]


    Embedding anh [image/png 3486 bytes]

]]></system-out>
    <system-err><![CDATA[Starting ChromeDriver 92.0.4515.107 (87a818b10553a07434ea9e2b6dccf3cbe7895134-refs/branch-heads/4515@{#1634}) on port 33937
Only local connections are allowed.
Please see https://chromedriver.chromium.org/security-considerations for suggestions on keeping ChromeDriver safe.
ChromeDriver was started successfully.
Jul 31, 2021 2:44:51 PM org.openqa.selenium.remote.ProtocolHandshake createSession
INFO: Detected dialect: W3C
Starting ChromeDriver 92.0.4515.107 (87a818b10553a07434ea9e2b6dccf3cbe7895134-refs/branch-heads/4515@{#1634}) on port 23328
Only local connections are allowed.
Please see https://chromedriver.chromium.org/security-considerations for suggestions on keeping ChromeDriver safe.
ChromeDriver was started successfully.
Jul 31, 2021 2:45:08 PM org.openqa.selenium.remote.ProtocolHandshake createSession
INFO: Detected dialect: W3C
]]></system-err>
  </testcase>
  <testcase name="6. Log-in -Password should be masked" classname="MY ACCOUNT - LOGIN" time="16.157">
    <system-out><![CDATA[
Scenario: 6. Log-in -Password should be masked                                                                                      &amp#27;[90m# src/test/java/feature/Login.feature:44&amp#27;[0m
  &amp#27;[32mGiven &amp#27;[0m&amp#27;[32mOpen home page&amp#27;[0m                                                                                                              &amp#27;[90m# stepDef.LoginStepDef.openHomePage()&amp#27;[0m
  &amp#27;[32mWhen &amp#27;[0m&amp#27;[32mClick on My Account Menu&amp#27;[0m                                                                                                     &amp#27;[90m# stepDef.LoginStepDef.clickMyAccountMenu()&amp#27;[0m
  &amp#27;[32mAnd &amp#27;[0m&amp#27;[32mEnter &amp#27;[0m&amp#27;[32m&amp#27;[1mnhailtk@123456&amp#27;[0m&amp#27;[32m in password textbox&amp#27;[0m                                                                                      &amp#27;[90m# stepDef.LoginStepDef.enterPassword(java.lang.String)&amp#27;[0m
  &amp#27;[32mThen &amp#27;[0m&amp#27;[32mThe password field should display the characters in asterisks or bullets such that the password is not visible on the screen&amp#27;[0m &amp#27;[90m# stepDef.LoginStepDef.verifyPasswordShouldBeMasked()&amp#27;[0m

    Embedding anh [image/png 31393 bytes]


    Embedding anh [image/png 3486 bytes]

]]></system-out>
    <system-err><![CDATA[Starting ChromeDriver 92.0.4515.107 (87a818b10553a07434ea9e2b6dccf3cbe7895134-refs/branch-heads/4515@{#1634}) on port 32921
Only local connections are allowed.
Please see https://chromedriver.chromium.org/security-considerations for suggestions on keeping ChromeDriver safe.
ChromeDriver was started successfully.
Jul 31, 2021 2:45:10 PM org.openqa.selenium.remote.ProtocolHandshake createSession
INFO: Detected dialect: W3C
Starting ChromeDriver 92.0.4515.107 (87a818b10553a07434ea9e2b6dccf3cbe7895134-refs/branch-heads/4515@{#1634}) on port 7527
Only local connections are allowed.
Please see https://chromedriver.chromium.org/security-considerations for suggestions on keeping ChromeDriver safe.
ChromeDriver was started successfully.
Jul 31, 2021 2:45:24 PM org.openqa.selenium.remote.ProtocolHandshake createSession
INFO: Detected dialect: W3C
]]></system-err>
  </testcase>
  <testcase name="7. Login-Handles case sensitive" classname="MY ACCOUNT - LOGIN" time="20.282">
    <system-out><![CDATA[
Scenario: 7. Login-Handles case sensitive                                                                                                              &amp#27;[90m# src/test/java/feature/Login.feature:50&amp#27;[0m
  &amp#27;[32mGiven &amp#27;[0m&amp#27;[32mOpen home page&amp#27;[0m                                                                                                                                 &amp#27;[90m# stepDef.LoginStepDef.openHomePage()&amp#27;[0m
  &amp#27;[32mAnd &amp#27;[0m&amp#27;[32mClick on My Account Menu&amp#27;[0m                                                                                                                         &amp#27;[90m# stepDef.LoginStepDef.clickMyAccountMenu()&amp#27;[0m
  &amp#27;[32mAnd &amp#27;[0m&amp#27;[32mEnter registered &amp#27;[0m&amp#27;[32m&amp#27;[1mnhailtk@gmail.com&amp#27;[0m&amp#27;[32m in username textbox&amp#27;[0m                                                                                           &amp#27;[90m# stepDef.LoginStepDef.enterUsername(java.lang.String)&amp#27;[0m
  &amp#27;[32mAnd &amp#27;[0m&amp#27;[32mEnter the case changed password: &amp#27;[0m&amp#27;[32m&amp#27;[1mnhailtk@123&amp#27;[0m&amp#27;[32m in the password tetxbox&amp#27;[0m                                                                             &amp#27;[90m# stepDef.LoginStepDef.inputOldPassword(java.lang.String)&amp#27;[0m
  &amp#27;[32mAnd &amp#27;[0m&amp#27;[32mClick on login button&amp#27;[0m                                                                                                                            &amp#27;[90m# stepDef.LoginStepDef.clickLoginButton()&amp#27;[0m
  &amp#27;[32mThen &amp#27;[0m&amp#27;[32mLogin must fail saying incorrect password: &amp#27;[0m&amp#27;[32m&amp#27;[1mERROR: The password you entered for the username nhailtk@gmail.com is incorrect. Lost your password?&amp#27;[0m &amp#27;[90m# stepDef.LoginStepDef.verifyLoginWithOldPassword(java.lang.String)&amp#27;[0m

    Embedding anh [image/png 50430 bytes]


    Embedding anh [image/png 3486 bytes]

]]></system-out>
    <system-err><![CDATA[Starting ChromeDriver 92.0.4515.107 (87a818b10553a07434ea9e2b6dccf3cbe7895134-refs/branch-heads/4515@{#1634}) on port 16045
Only local connections are allowed.
Please see https://chromedriver.chromium.org/security-considerations for suggestions on keeping ChromeDriver safe.
ChromeDriver was started successfully.
Jul 31, 2021 2:45:27 PM org.openqa.selenium.remote.ProtocolHandshake createSession
INFO: Detected dialect: W3C
Starting ChromeDriver 92.0.4515.107 (87a818b10553a07434ea9e2b6dccf3cbe7895134-refs/branch-heads/4515@{#1634}) on port 7876
Only local connections are allowed.
Please see https://chromedriver.chromium.org/security-considerations for suggestions on keeping ChromeDriver safe.
ChromeDriver was started successfully.
Jul 31, 2021 2:45:44 PM org.openqa.selenium.remote.ProtocolHandshake createSession
INFO: Detected dialect: W3C
]]></system-err>
  </testcase>
  <testcase name="8. Login-Authentication" classname="MY ACCOUNT - LOGIN" time="30.135">
    <error message="The step &apos;User shouldn’t be signed in to his account rather a general webpage must be visible&apos; is undefined.&#10;You can implement this step using the snippet(s) below:&#10;&#10;@Then(&quot;User shouldn’t be signed in to his account rather a general webpage must be visible&quot;)&#10;public void user_shouldn_t_be_signed_in_to_his_account_rather_a_general_webpage_must_be_visible() {&#10;    // Write code here that turns the phrase above into concrete actions&#10;    throw new io.cucumber.java.PendingException();&#10;}&#10;" type="io.cucumber.junit.UndefinedStepException"><![CDATA[io.cucumber.junit.UndefinedStepException: 
The step 'User shouldn’t be signed in to his account rather a general webpage must be visible' is undefined.
You can implement this step using the snippet(s) below:

@Then("User shouldn’t be signed in to his account rather a general webpage must be visible")
public void user_shouldn_t_be_signed_in_to_his_account_rather_a_general_webpage_must_be_visible() {
    // Write code here that turns the phrase above into concrete actions
    throw new io.cucumber.java.PendingException();
}

]]></error>
    <system-out><![CDATA[
Scenario: 8. Login-Authentication                                                          &amp#27;[90m# src/test/java/feature/Login.feature:58&amp#27;[0m
  &amp#27;[32mGiven &amp#27;[0m&amp#27;[32mOpen home page&amp#27;[0m                                                                     &amp#27;[90m# stepDef.LoginStepDef.openHomePage()&amp#27;[0m
  &amp#27;[32mWhen &amp#27;[0m&amp#27;[32mClick on My Account Menu&amp#27;[0m                                                            &amp#27;[90m# stepDef.LoginStepDef.clickMyAccountMenu()&amp#27;[0m
  &amp#27;[32mAnd &amp#27;[0m&amp#27;[32mEnter registered &amp#27;[0m&amp#27;[32m&amp#27;[1mnhailtk@gmail.com&amp#27;[0m&amp#27;[32m in username textbox&amp#27;[0m                               &amp#27;[90m# stepDef.LoginStepDef.enterUsername(java.lang.String)&amp#27;[0m
  &amp#27;[32mAnd &amp#27;[0m&amp#27;[32mEnter &amp#27;[0m&amp#27;[32m&amp#27;[1mnhailtk@123456&amp#27;[0m&amp#27;[32m in password textbox&amp#27;[0m                                             &amp#27;[90m# stepDef.LoginStepDef.enterPassword(java.lang.String)&amp#27;[0m
  &amp#27;[32mAnd &amp#27;[0m&amp#27;[32mClick on login button&amp#27;[0m                                                                &amp#27;[90m# stepDef.LoginStepDef.clickLoginButton()&amp#27;[0m
  &amp#27;[32mAnd &amp#27;[0m&amp#27;[32mOnce your are logged in, sign out of the site&amp#27;[0m                                        &amp#27;[90m# stepDef.LoginStepDef.clickLogout()&amp#27;[0m
  &amp#27;[32mAnd &amp#27;[0m&amp#27;[32mNow press back button&amp#27;[0m                                                                &amp#27;[90m# stepDef.LoginStepDef.clickBackButton()&amp#27;[0m
  &amp#27;[33mThen &amp#27;[0m&amp#27;[33mUser shouldnâ€™t be signed in to his account rather a general webpage must be visible&amp#27;[0m &amp#27;[90m# null&amp#27;[0m

    Embedding anh [image/png 35954 bytes]


    Embedding anh [image/png 3486 bytes]

]]></system-out>
    <system-err><![CDATA[Starting ChromeDriver 92.0.4515.107 (87a818b10553a07434ea9e2b6dccf3cbe7895134-refs/branch-heads/4515@{#1634}) on port 1522
Only local connections are allowed.
Please see https://chromedriver.chromium.org/security-considerations for suggestions on keeping ChromeDriver safe.
ChromeDriver was started successfully.
Jul 31, 2021 2:45:47 PM org.openqa.selenium.remote.ProtocolHandshake createSession
INFO: Detected dialect: W3C
Starting ChromeDriver 92.0.4515.107 (87a818b10553a07434ea9e2b6dccf3cbe7895134-refs/branch-heads/4515@{#1634}) on port 12357
Only local connections are allowed.
Please see https://chromedriver.chromium.org/security-considerations for suggestions on keeping ChromeDriver safe.
ChromeDriver was started successfully.
Jul 31, 2021 2:46:14 PM org.openqa.selenium.remote.ProtocolHandshake createSession
INFO: Detected dialect: W3C
]]></system-err>
  </testcase>
</testsuite>